2025-11-10 03:10:58,776 - __main__ - INFO - 🤖 Starting Mandadero Telegram Bot...
2025-11-10 03:10:58,776 - __main__ - INFO - 🗄️ Initializing database...
2025-11-10 03:10:58,791 - services.database - ERROR - Error creating database tables: (psycopg2.OperationalError) connection to server at "localhost" (127.0.0.1), port 5432 failed: FATAL:  password authentication failed for user "username"
connection to server at "localhost" (127.0.0.1), port 5432 failed: FATAL:  password authentication failed for user "username"

(Background on this error at: https://sqlalche.me/e/20/e3q8)
2025-11-10 03:10:58,791 - __main__ - INFO - ✅ Database initialized successfully
2025-11-10 03:10:58,791 - __main__ - INFO - 🔧 Creating Telegram application...
2025-11-10 03:10:58,804 - __main__ - INFO - ✅ Command handlers registered
2025-11-10 03:10:58,804 - __main__ - INFO - 🚀 Starting bot polling...
2025-11-10 03:10:59,551 - telegram.ext._application - INFO - Application started
2025-11-10 03:11:16,995 - telegram.ext._application - INFO - Application is stopping. This might take a moment.
2025-11-10 03:11:16,995 - telegram.ext._application - INFO - Application.stop() complete
2025-11-10 03:16:17,883 - __main__ - INFO - 🤖 Starting Mandadero Telegram Bot...
2025-11-10 03:16:17,883 - __main__ - INFO - 🗄️ Initializing database...
2025-11-10 03:16:17,900 - services.database - INFO - Database tables created successfully
2025-11-10 03:16:17,900 - __main__ - INFO - ✅ Database initialized successfully
2025-11-10 03:16:17,900 - __main__ - INFO - 🔧 Creating Telegram application...
2025-11-10 03:16:17,913 - __main__ - INFO - ✅ Command handlers registered
2025-11-10 03:16:17,913 - __main__ - INFO - 🚀 Starting bot polling...
2025-11-10 03:16:18,280 - telegram.ext._application - INFO - Application started
2025-11-10 03:16:27,567 - telegram.ext._application - INFO - Application is stopping. This might take a moment.
2025-11-10 03:16:27,567 - telegram.ext._application - INFO - Application.stop() complete
2025-11-10 03:16:48,362 - __main__ - INFO - 🤖 Starting Mandadero Telegram Bot...
2025-11-10 03:16:48,363 - __main__ - INFO - 🗄️ Initializing database...
2025-11-10 03:16:48,385 - services.database - INFO - Database tables created successfully
2025-11-10 03:16:48,385 - __main__ - INFO - ✅ Database initialized successfully
2025-11-10 03:16:48,385 - __main__ - INFO - 🔧 Creating Telegram application...
2025-11-10 03:16:48,398 - __main__ - INFO - ✅ Command handlers registered
2025-11-10 03:16:48,398 - __main__ - INFO - 🚀 Starting bot polling...
2025-11-10 03:16:48,744 - telegram.ext._application - INFO - Application started
2025-11-10 03:18:00,146 - services.database - ERROR - Error adding user 8365312597: (psycopg2.errors.NumericValueOutOfRange) integer out of range

[SQL: INSERT INTO users (id, username, first_name, last_name, is_verified, updated_at) VALUES (%(id)s, %(username)s, %(first_name)s, %(last_name)s, %(is_verified)s, %(updated_at)s) RETURNING users.created_at]
[parameters: {'id': 8365312597, 'username': 'Pnptvadmin', 'first_name': 'Santino', 'last_name': None, 'is_verified': False, 'updated_at': None}]
(Background on this error at: https://sqlalche.me/e/20/9h9h)
2025-11-10 03:20:42,823 - services.database - ERROR - Error adding user 8365312597: (psycopg2.errors.NumericValueOutOfRange) integer out of range

[SQL: INSERT INTO users (id, username, first_name, last_name, is_verified, updated_at) VALUES (%(id)s, %(username)s, %(first_name)s, %(last_name)s, %(is_verified)s, %(updated_at)s) RETURNING users.created_at]
[parameters: {'id': 8365312597, 'username': 'Pnptvadmin', 'first_name': 'Santino', 'last_name': None, 'is_verified': False, 'updated_at': None}]
(Background on this error at: https://sqlalche.me/e/20/9h9h)
2025-11-10 03:28:04,667 - telegram.ext._application - INFO - Application is stopping. This might take a moment.
2025-11-10 03:28:04,667 - telegram.ext._application - INFO - Application.stop() complete
2025-11-10 03:28:05,127 - __main__ - INFO - 🤖 Starting Mandadero Telegram Bot...
2025-11-10 03:28:05,127 - __main__ - INFO - 🗄️ Initializing database...
2025-11-10 03:28:05,144 - services.database - INFO - Database tables created successfully
2025-11-10 03:28:05,144 - __main__ - INFO - ✅ Database initialized successfully
2025-11-10 03:28:05,145 - __main__ - INFO - 🔧 Creating Telegram application...
2025-11-10 03:28:05,157 - __main__ - INFO - ✅ All handlers registered (commands, callbacks, messages)
2025-11-10 03:28:05,158 - __main__ - INFO - 🚀 Starting bot polling...
2025-11-10 03:28:05,523 - telegram.ext._application - INFO - Application started
2025-11-10 06:10:20,473 - services.database - ERROR - Error adding user 8365312597: (psycopg2.errors.NumericValueOutOfRange) integer out of range

[SQL: INSERT INTO users (id, username, first_name, last_name, is_verified, updated_at) VALUES (%(id)s, %(username)s, %(first_name)s, %(last_name)s, %(is_verified)s, %(updated_at)s) RETURNING users.created_at]
[parameters: {'id': 8365312597, 'username': 'Pnptvadmin', 'first_name': 'Santino', 'last_name': None, 'is_verified': False, 'updated_at': None}]
(Background on this error at: https://sqlalche.me/e/20/9h9h)
2025-11-10 06:12:39,334 - services.database - ERROR - Error adding user 8365312597: (psycopg2.errors.NumericValueOutOfRange) integer out of range

[SQL: INSERT INTO users (id, username, first_name, last_name, is_verified, updated_at) VALUES (%(id)s, %(username)s, %(first_name)s, %(last_name)s, %(is_verified)s, %(updated_at)s) RETURNING users.created_at]
[parameters: {'id': 8365312597, 'username': 'Pnptvadmin', 'first_name': 'Santino', 'last_name': None, 'is_verified': False, 'updated_at': None}]
(Background on this error at: https://sqlalche.me/e/20/9h9h)
2025-11-10 06:12:39,538 - telegram.ext._application - ERROR - No error handlers are registered, logging exception.
Traceback (most recent call last):
  File "/root/Mandadero/Telegram-bot/venv/lib/python3.13/site-packages/telegram/ext/_application.py", line 1063, in process_update
    await coroutine
  File "/root/Mandadero/Telegram-bot/venv/lib/python3.13/site-packages/telegram/ext/_handler.py", line 141, in handle_update
    return await self.callback(update, context)
           ^^^^^^^^^^^^^^^^^^^^^^^^^^^^^^^^^^^^
  File "/root/Mandadero/Telegram-bot/app/handlers/callbacks.py", line 21, in handle_callback
    await handle_registration_callback(query, user)
  File "/root/Mandadero/Telegram-bot/app/handlers/callbacks.py", line 129, in handle_registration_callback
    await query.edit_message_text(
    ...<3 lines>...
    )
  File "/root/Mandadero/Telegram-bot/venv/lib/python3.13/site-packages/telegram/_callbackquery.py", line 241, in edit_message_text
    return await self.message.edit_text(
           ^^^^^^^^^^^^^^^^^^^^^^^^^^^^^
    ...<10 lines>...
    )
    ^
  File "/root/Mandadero/Telegram-bot/venv/lib/python3.13/site-packages/telegram/_message.py", line 2446, in edit_text
    return await self.get_bot().edit_message_text(
           ^^^^^^^^^^^^^^^^^^^^^^^^^^^^^^^^^^^^^^^
    ...<13 lines>...
    )
    ^
  File "/root/Mandadero/Telegram-bot/venv/lib/python3.13/site-packages/telegram/ext/_extbot.py", line 1453, in edit_message_text
    return await super().edit_message_text(
           ^^^^^^^^^^^^^^^^^^^^^^^^^^^^^^^^
    ...<13 lines>...
    )
    ^
  File "/root/Mandadero/Telegram-bot/venv/lib/python3.13/site-packages/telegram/_bot.py", line 334, in decorator
    result = await func(*args, **kwargs)  # skipcq: PYL-E1102
             ^^^^^^^^^^^^^^^^^^^^^^^^^^^
  File "/root/Mandadero/Telegram-bot/venv/lib/python3.13/site-packages/telegram/_bot.py", line 3296, in edit_message_text
    return await self._send_message(
           ^^^^^^^^^^^^^^^^^^^^^^^^^
    ...<10 lines>...
    )
    ^
  File "/root/Mandadero/Telegram-bot/venv/lib/python3.13/site-packages/telegram/ext/_extbot.py", line 488, in _send_message
    result = await super()._send_message(
             ^^^^^^^^^^^^^^^^^^^^^^^^^^^^
    ...<17 lines>...
    )
    ^
  File "/root/Mandadero/Telegram-bot/venv/lib/python3.13/site-packages/telegram/_bot.py", line 515, in _send_message
    result = await self._post(
             ^^^^^^^^^^^^^^^^^
    ...<7 lines>...
    )
    ^
  File "/root/Mandadero/Telegram-bot/venv/lib/python3.13/site-packages/telegram/_bot.py", line 422, in _post
    return await self._do_post(
           ^^^^^^^^^^^^^^^^^^^^
    ...<6 lines>...
    )
    ^
  File "/root/Mandadero/Telegram-bot/venv/lib/python3.13/site-packages/telegram/ext/_extbot.py", line 306, in _do_post
    return await super()._do_post(
           ^^^^^^^^^^^^^^^^^^^^^^^
    ...<6 lines>...
    )
    ^
  File "/root/Mandadero/Telegram-bot/venv/lib/python3.13/site-packages/telegram/_bot.py", line 453, in _do_post
    return await request.post(
           ^^^^^^^^^^^^^^^^^^^
    ...<6 lines>...
    )
    ^
  File "/root/Mandadero/Telegram-bot/venv/lib/python3.13/site-packages/telegram/request/_baserequest.py", line 165, in post
    result = await self._request_wrapper(
             ^^^^^^^^^^^^^^^^^^^^^^^^^^^^
    ...<7 lines>...
    )
    ^
  File "/root/Mandadero/Telegram-bot/venv/lib/python3.13/site-packages/telegram/request/_baserequest.py", line 328, in _request_wrapper
    raise BadRequest(message)
telegram.error.BadRequest: Message is not modified: specified new message content and reply markup are exactly the same as a current content and reply markup of the message
2025-11-11 01:10:41,480 - telegram.ext._updater - ERROR - Error while getting Updates: Bad Gateway
2025-11-11 01:10:41,480 - telegram.ext._application - ERROR - No error handlers are registered, logging exception.
Traceback (most recent call last):
  File "/root/Mandadero/Telegram-bot/venv/lib/python3.13/site-packages/telegram/ext/_updater.py", line 600, in _network_loop_retry
    if not await action_cb():
           ^^^^^^^^^^^^^^^^^
  File "/root/Mandadero/Telegram-bot/venv/lib/python3.13/site-packages/telegram/ext/_updater.py", line 327, in polling_action_cb
    raise exc
  File "/root/Mandadero/Telegram-bot/venv/lib/python3.13/site-packages/telegram/ext/_updater.py", line 312, in polling_action_cb
    updates = await self.bot.get_updates(
              ^^^^^^^^^^^^^^^^^^^^^^^^^^^
    ...<7 lines>...
    )
    ^
  File "/root/Mandadero/Telegram-bot/venv/lib/python3.13/site-packages/telegram/ext/_extbot.py", line 524, in get_updates
    updates = await super().get_updates(
              ^^^^^^^^^^^^^^^^^^^^^^^^^^
    ...<9 lines>...
    )
    ^
  File "/root/Mandadero/Telegram-bot/venv/lib/python3.13/site-packages/telegram/_bot.py", line 334, in decorator
    result = await func(*args, **kwargs)  # skipcq: PYL-E1102
             ^^^^^^^^^^^^^^^^^^^^^^^^^^^
  File "/root/Mandadero/Telegram-bot/venv/lib/python3.13/site-packages/telegram/_bot.py", line 3584, in get_updates
    await self._post(
    ^^^^^^^^^^^^^^^^^
    ...<7 lines>...
    ),
    ^
  File "/root/Mandadero/Telegram-bot/venv/lib/python3.13/site-packages/telegram/_bot.py", line 422, in _post
    return await self._do_post(
           ^^^^^^^^^^^^^^^^^^^^
    ...<6 lines>...
    )
    ^
  File "/root/Mandadero/Telegram-bot/venv/lib/python3.13/site-packages/telegram/ext/_extbot.py", line 306, in _do_post
    return await super()._do_post(
           ^^^^^^^^^^^^^^^^^^^^^^^
    ...<6 lines>...
    )
    ^
  File "/root/Mandadero/Telegram-bot/venv/lib/python3.13/site-packages/telegram/_bot.py", line 453, in _do_post
    return await request.post(
           ^^^^^^^^^^^^^^^^^^^
    ...<6 lines>...
    )
    ^
  File "/root/Mandadero/Telegram-bot/venv/lib/python3.13/site-packages/telegram/request/_baserequest.py", line 165, in post
    result = await self._request_wrapper(
             ^^^^^^^^^^^^^^^^^^^^^^^^^^^^
    ...<7 lines>...
    )
    ^
  File "/root/Mandadero/Telegram-bot/venv/lib/python3.13/site-packages/telegram/request/_baserequest.py", line 332, in _request_wrapper
    raise NetworkError(description or "Bad Gateway")
telegram.error.NetworkError: Bad Gateway
2025-11-11 01:10:42,566 - telegram.ext._updater - ERROR - Error while getting Updates: Bad Gateway
2025-11-11 01:10:42,566 - telegram.ext._application - ERROR - No error handlers are registered, logging exception.
Traceback (most recent call last):
  File "/root/Mandadero/Telegram-bot/venv/lib/python3.13/site-packages/telegram/ext/_updater.py", line 600, in _network_loop_retry
    if not await action_cb():
           ^^^^^^^^^^^^^^^^^
  File "/root/Mandadero/Telegram-bot/venv/lib/python3.13/site-packages/telegram/ext/_updater.py", line 327, in polling_action_cb
    raise exc
  File "/root/Mandadero/Telegram-bot/venv/lib/python3.13/site-packages/telegram/ext/_updater.py", line 312, in polling_action_cb
    updates = await self.bot.get_updates(
              ^^^^^^^^^^^^^^^^^^^^^^^^^^^
    ...<7 lines>...
    )
    ^
  File "/root/Mandadero/Telegram-bot/venv/lib/python3.13/site-packages/telegram/ext/_extbot.py", line 524, in get_updates
    updates = await super().get_updates(
              ^^^^^^^^^^^^^^^^^^^^^^^^^^
    ...<9 lines>...
    )
    ^
  File "/root/Mandadero/Telegram-bot/venv/lib/python3.13/site-packages/telegram/_bot.py", line 334, in decorator
    result = await func(*args, **kwargs)  # skipcq: PYL-E1102
             ^^^^^^^^^^^^^^^^^^^^^^^^^^^
  File "/root/Mandadero/Telegram-bot/venv/lib/python3.13/site-packages/telegram/_bot.py", line 3584, in get_updates
    await self._post(
    ^^^^^^^^^^^^^^^^^
    ...<7 lines>...
    ),
    ^
  File "/root/Mandadero/Telegram-bot/venv/lib/python3.13/site-packages/telegram/_bot.py", line 422, in _post
    return await self._do_post(
           ^^^^^^^^^^^^^^^^^^^^
    ...<6 lines>...
    )
    ^
  File "/root/Mandadero/Telegram-bot/venv/lib/python3.13/site-packages/telegram/ext/_extbot.py", line 306, in _do_post
    return await super()._do_post(
           ^^^^^^^^^^^^^^^^^^^^^^^
    ...<6 lines>...
    )
    ^
  File "/root/Mandadero/Telegram-bot/venv/lib/python3.13/site-packages/telegram/_bot.py", line 453, in _do_post
    return await request.post(
           ^^^^^^^^^^^^^^^^^^^
    ...<6 lines>...
    )
    ^
  File "/root/Mandadero/Telegram-bot/venv/lib/python3.13/site-packages/telegram/request/_baserequest.py", line 165, in post
    result = await self._request_wrapper(
             ^^^^^^^^^^^^^^^^^^^^^^^^^^^^
    ...<7 lines>...
    )
    ^
  File "/root/Mandadero/Telegram-bot/venv/lib/python3.13/site-packages/telegram/request/_baserequest.py", line 332, in _request_wrapper
    raise NetworkError(description or "Bad Gateway")
telegram.error.NetworkError: Bad Gateway
2025-11-11 15:18:34,451 - telegram.ext._application - INFO - Application is stopping. This might take a moment.
2025-11-11 15:18:34,452 - telegram.ext._application - INFO - Application.stop() complete
